<May15-2019> <23:31:00>  AMS 2018  RunTime: May15-2019 23:31:00  Nodes: 1  Procs: 48
<May15-2019> <23:31:10>  Iteration 1
<May15-2019> <23:31:23>  current energy                              -13.95610795 Hartree
<May15-2019> <23:31:23>  energy change                     -13.95610795     0.00001000    F
<May15-2019> <23:31:23>  constrained gradient max            0.00661334     0.00100000    F
<May15-2019> <23:31:23>  constrained gradient rms            0.00262668     0.00066667    F
<May15-2019> <23:31:23>  gradient max                        0.00661307
<May15-2019> <23:31:23>  gradient rms                        0.00262668
<May15-2019> <23:31:23>  cart. step max                      0.02046390     0.00100000    F
<May15-2019> <23:31:23>  cart. step rms                      0.00661822     0.00066667    F
<May15-2019> <23:31:23>  Iteration 2
<May15-2019> <23:31:32>  current energy                              -13.95634381 Hartree
<May15-2019> <23:31:32>  energy change                      -0.00023586     0.00001000    F
<May15-2019> <23:31:32>  constrained gradient max            0.00835989     0.00100000    F
<May15-2019> <23:31:32>  constrained gradient rms            0.00244034     0.00066667    F
<May15-2019> <23:31:33>  gradient max                        0.00835998
<May15-2019> <23:31:33>  gradient rms                        0.00244034
<May15-2019> <23:31:33>  cart. step max                      0.01369485     0.00100000    F
<May15-2019> <23:31:33>  cart. step rms                      0.00407200     0.00066667    F
<May15-2019> <23:31:33>  Iteration 3
<May15-2019> <23:31:42>  current energy                              -13.95642534 Hartree
<May15-2019> <23:31:42>  energy change                      -0.00008153     0.00001000    F
<May15-2019> <23:31:42>  constrained gradient max            0.00203162     0.00100000    F
<May15-2019> <23:31:42>  constrained gradient rms            0.00074052     0.00066667    F
<May15-2019> <23:31:42>  gradient max                        0.00203167
<May15-2019> <23:31:42>  gradient rms                        0.00074052
<May15-2019> <23:31:42>  cart. step max                      0.02374539     0.00100000    F
<May15-2019> <23:31:43>  cart. step rms                      0.00871716     0.00066667    F
<May15-2019> <23:31:43>  Iteration 4
<May15-2019> <23:31:50>  current energy                              -13.95652879 Hartree
<May15-2019> <23:31:50>  energy change                      -0.00010345     0.00001000    F
<May15-2019> <23:31:50>  constrained gradient max            0.00389095     0.00100000    F
<May15-2019> <23:31:50>  constrained gradient rms            0.00144917     0.00066667    F
<May15-2019> <23:31:50>  gradient max                        0.00389099
<May15-2019> <23:31:50>  gradient rms                        0.00144917
<May15-2019> <23:31:50>  cart. step max                      0.03151113     0.00100000    F
<May15-2019> <23:31:51>  cart. step rms                      0.01241347     0.00066667    F
<May15-2019> <23:31:51>  Iteration 5
<May15-2019> <23:32:01>  current energy                              -13.95664473 Hartree
<May15-2019> <23:32:01>  energy change                      -0.00011594     0.00001000    F
<May15-2019> <23:32:01>  constrained gradient max            0.00520784     0.00100000    F
<May15-2019> <23:32:01>  constrained gradient rms            0.00202170     0.00066667    F
<May15-2019> <23:32:01>  gradient max                        0.00520763
<May15-2019> <23:32:02>  gradient rms                        0.00202170
<May15-2019> <23:32:02>  cart. step max                      0.05456401     0.00100000    F
<May15-2019> <23:32:02>  cart. step rms                      0.02116896     0.00066667    F
<May15-2019> <23:32:02>  Iteration 6
<May15-2019> <23:32:14>  current energy                              -13.95672408 Hartree
<May15-2019> <23:32:14>  energy change                      -0.00007935     0.00001000    F
<May15-2019> <23:32:14>  constrained gradient max            0.00724954     0.00100000    F
<May15-2019> <23:32:14>  constrained gradient rms            0.00280688     0.00066667    F
<May15-2019> <23:32:14>  gradient max                        0.00724964
<May15-2019> <23:32:14>  gradient rms                        0.00280688
<May15-2019> <23:32:14>  cart. step max                      0.00658364     0.00100000    F
<May15-2019> <23:32:14>  cart. step rms                      0.00231124     0.00066667    F
<May15-2019> <23:32:14>  Iteration 7
<May15-2019> <23:32:25>  current energy                              -13.95680216 Hartree
<May15-2019> <23:32:25>  energy change                      -0.00007808     0.00001000    F
<May15-2019> <23:32:25>  constrained gradient max            0.00370053     0.00100000    F
<May15-2019> <23:32:25>  constrained gradient rms            0.00173745     0.00066667    F
<May15-2019> <23:32:25>  gradient max                        0.00370046
<May15-2019> <23:32:25>  gradient rms                        0.00173745
<May15-2019> <23:32:25>  cart. step max                      0.03319746     0.00100000    F
<May15-2019> <23:32:25>  cart. step rms                      0.01314559     0.00066667    F
<May15-2019> <23:32:25>  Iteration 8
<May15-2019> <23:32:32>  current energy                              -13.95693891 Hartree
<May15-2019> <23:32:32>  energy change                      -0.00013675     0.00001000    F
<May15-2019> <23:32:32>  constrained gradient max            0.00504629     0.00100000    F
<May15-2019> <23:32:32>  constrained gradient rms            0.00162086     0.00066667    F
<May15-2019> <23:32:32>  gradient max                        0.00504627
<May15-2019> <23:32:33>  gradient rms                        0.00162086
<May15-2019> <23:32:33>  cart. step max                      0.06932822     0.00100000    F
<May15-2019> <23:32:33>  cart. step rms                      0.02634570     0.00066667    F
<May15-2019> <23:32:33>  Iteration 9
<May15-2019> <23:32:41>  current energy                              -13.95697019 Hartree
<May15-2019> <23:32:41>  energy change                      -0.00003128     0.00001000    F
<May15-2019> <23:32:41>  constrained gradient max            0.00520046     0.00100000    F
<May15-2019> <23:32:42>  constrained gradient rms            0.00203979     0.00066667    F
<May15-2019> <23:32:42>  gradient max                        0.00520041
<May15-2019> <23:32:42>  gradient rms                        0.00203979
<May15-2019> <23:32:42>  cart. step max                      0.01191044     0.00100000    F
<May15-2019> <23:32:42>  cart. step rms                      0.00282346     0.00066667    F
<May15-2019> <23:32:42>  Iteration 10
<May15-2019> <23:32:52>  current energy                              -13.95703892 Hartree
<May15-2019> <23:32:53>  energy change                      -0.00006873     0.00001000    F
<May15-2019> <23:32:53>  constrained gradient max            0.00790315     0.00100000    F
<May15-2019> <23:32:53>  constrained gradient rms            0.00223208     0.00066667    F
<May15-2019> <23:32:53>  gradient max                        0.00790315
<May15-2019> <23:32:53>  gradient rms                        0.00223208
<May15-2019> <23:32:53>  cart. step max                      0.01327661     0.00100000    F
<May15-2019> <23:32:53>  cart. step rms                      0.00395943     0.00066667    F
<May15-2019> <23:32:53>  Iteration 11
<May15-2019> <23:33:00>  current energy                              -13.95710339 Hartree
<May15-2019> <23:33:00>  energy change                      -0.00006447     0.00001000    F
<May15-2019> <23:33:00>  constrained gradient max            0.00419230     0.00100000    F
<May15-2019> <23:33:00>  constrained gradient rms            0.00130080     0.00066667    F
<May15-2019> <23:33:00>  gradient max                        0.00419245
<May15-2019> <23:33:00>  gradient rms                        0.00130080
<May15-2019> <23:33:00>  cart. step max                      0.04892197     0.00100000    F
<May15-2019> <23:33:00>  cart. step rms                      0.01482931     0.00066667    F
<May15-2019> <23:33:00>  Iteration 12
<May15-2019> <23:33:07>  current energy                              -13.95714021 Hartree
<May15-2019> <23:33:07>  energy change                      -0.00003682     0.00001000    F
<May15-2019> <23:33:07>  constrained gradient max            0.00726054     0.00100000    F
<May15-2019> <23:33:07>  constrained gradient rms            0.00197865     0.00066667    F
<May15-2019> <23:33:07>  gradient max                        0.00726049
<May15-2019> <23:33:07>  gradient rms                        0.00197865
<May15-2019> <23:33:07>  cart. step max                      0.03342935     0.00100000    F
<May15-2019> <23:33:07>  cart. step rms                      0.01038014     0.00066667    F
<May15-2019> <23:33:08>  Iteration 13
<May15-2019> <23:33:14>  current energy                              -13.95714320 Hartree
<May15-2019> <23:33:15>  energy change                      -0.00000299     0.00001000    T
<May15-2019> <23:33:15>  constrained gradient max            0.01063032     0.00100000    F
<May15-2019> <23:33:15>  constrained gradient rms            0.00277355     0.00066667    F
<May15-2019> <23:33:15>  gradient max                        0.01063025
<May15-2019> <23:33:15>  gradient rms                        0.00277355
<May15-2019> <23:33:15>  cart. step max                      0.00793581     0.00100000    F
<May15-2019> <23:33:15>  cart. step rms                      0.00243882     0.00066667    F
<May15-2019> <23:33:15>  Iteration 14
<May15-2019> <23:33:21>  current energy                              -13.95716901 Hartree
<May15-2019> <23:33:21>  energy change                      -0.00002582     0.00001000    F
<May15-2019> <23:33:21>  constrained gradient max            0.00780531     0.00100000    F
<May15-2019> <23:33:21>  constrained gradient rms            0.00204191     0.00066667    F
<May15-2019> <23:33:21>  gradient max                        0.00780523
<May15-2019> <23:33:21>  gradient rms                        0.00204191
<May15-2019> <23:33:22>  cart. step max                      0.01677994     0.00100000    F
<May15-2019> <23:33:22>  cart. step rms                      0.00491412     0.00066667    F
<May15-2019> <23:33:22>  Iteration 15
<May15-2019> <23:33:30>  current energy                              -13.95719251 Hartree
<May15-2019> <23:33:30>  energy change                      -0.00002349     0.00001000    F
<May15-2019> <23:33:30>  constrained gradient max            0.00545620     0.00100000    F
<May15-2019> <23:33:30>  constrained gradient rms            0.00135527     0.00066667    F
<May15-2019> <23:33:30>  gradient max                        0.00545674
<May15-2019> <23:33:31>  gradient rms                        0.00135527
<May15-2019> <23:33:31>  cart. step max                      0.03257900     0.00100000    F
<May15-2019> <23:33:31>  cart. step rms                      0.00971762     0.00066667    F
<May15-2019> <23:33:31>  Iteration 16
<May15-2019> <23:33:38>  current energy                              -13.95719084 Hartree
<May15-2019> <23:33:38>  energy change                       0.00000167     0.00001000    T
<May15-2019> <23:33:39>  constrained gradient max            0.00738084     0.00100000    F
<May15-2019> <23:33:39>  constrained gradient rms            0.00183921     0.00066667    F
<May15-2019> <23:33:39>  gradient max                        0.00738073
<May15-2019> <23:33:39>  gradient rms                        0.00183921
<May15-2019> <23:33:39>  cart. step max                      0.00384749     0.00100000    F
<May15-2019> <23:33:39>  cart. step rms                      0.00084691     0.00066667    F
<May15-2019> <23:33:39>  Iteration 17
<May15-2019> <23:33:48>  current energy                              -13.95720651 Hartree
<May15-2019> <23:33:48>  energy change                      -0.00001567     0.00001000    F
<May15-2019> <23:33:48>  constrained gradient max            0.00274923     0.00100000    F
<May15-2019> <23:33:48>  constrained gradient rms            0.00066165     0.00066667    T
<May15-2019> <23:33:48>  gradient max                        0.00274938
<May15-2019> <23:33:48>  gradient rms                        0.00066165
<May15-2019> <23:33:48>  cart. step max                      0.00749836     0.00100000    F
<May15-2019> <23:33:48>  cart. step rms                      0.00209468     0.00066667    F
<May15-2019> <23:33:48>  Iteration 18
<May15-2019> <23:33:57>  current energy                              -13.95720986 Hartree
<May15-2019> <23:33:57>  energy change                      -0.00000335     0.00001000    T
<May15-2019> <23:33:57>  constrained gradient max            0.00140840     0.00100000    F
<May15-2019> <23:33:57>  constrained gradient rms            0.00033075     0.00066667    T
<May15-2019> <23:33:58>  gradient max                        0.00140870
<May15-2019> <23:33:58>  gradient rms                        0.00033075
<May15-2019> <23:33:58>  cart. step max                      0.01122896     0.00100000    F
<May15-2019> <23:33:58>  cart. step rms                      0.00337256     0.00066667    F
<May15-2019> <23:33:58>  Iteration 19
<May15-2019> <23:34:06>  current energy                              -13.95720929 Hartree
<May15-2019> <23:34:06>  energy change                       0.00000057     0.00001000    T
<May15-2019> <23:34:07>  constrained gradient max            0.00230774     0.00100000    F
<May15-2019> <23:34:07>  constrained gradient rms            0.00056879     0.00066667    T
<May15-2019> <23:34:07>  gradient max                        0.00230776
<May15-2019> <23:34:07>  gradient rms                        0.00056879
<May15-2019> <23:34:07>  cart. step max                      0.00163574     0.00100000    F
<May15-2019> <23:34:07>  cart. step rms                      0.00055898     0.00066667    T
<May15-2019> <23:34:07>  Iteration 20
<May15-2019> <23:34:17>  current energy                              -13.95721064 Hartree
<May15-2019> <23:34:17>  energy change                      -0.00000134     0.00001000    T
<May15-2019> <23:34:17>  constrained gradient max            0.00125917     0.00100000    F
<May15-2019> <23:34:17>  constrained gradient rms            0.00030591     0.00066667    T
<May15-2019> <23:34:17>  gradient max                        0.00125918
<May15-2019> <23:34:18>  gradient rms                        0.00030591
<May15-2019> <23:34:18>  cart. step max                      0.00314519     0.00100000    F
<May15-2019> <23:34:18>  cart. step rms                      0.00099566     0.00066667    F
<May15-2019> <23:34:18>  Iteration 21
<May15-2019> <23:34:26>  current energy                              -13.95721144 Hartree
<May15-2019> <23:34:26>  energy change                      -0.00000081     0.00001000    T
<May15-2019> <23:34:26>  constrained gradient max            0.00043433     0.00100000    T
<May15-2019> <23:34:26>  constrained gradient rms            0.00010946     0.00066667    T
<May15-2019> <23:34:26>  gradient max                        0.00043427
<May15-2019> <23:34:26>  gradient rms                        0.00010946
<May15-2019> <23:34:26>  cart. step max                      0.00164749     0.00100000    F
<May15-2019> <23:34:26>  cart. step rms                      0.00053133     0.00066667    T
<May15-2019> <23:34:26>  Iteration 22
<May15-2019> <23:34:36>  current energy                              -13.95721169 Hartree
<May15-2019> <23:34:37>  energy change                      -0.00000025     0.00001000    T
<May15-2019> <23:34:37>  constrained gradient max            0.00025540     0.00100000    T
<May15-2019> <23:34:37>  constrained gradient rms            0.00006113     0.00066667    T
<May15-2019> <23:34:37>  gradient max                        0.00025540
<May15-2019> <23:34:37>  gradient rms                        0.00006113
<May15-2019> <23:34:37>  cart. step max                      0.00208334     0.00100000    F
<May15-2019> <23:34:37>  cart. step rms                      0.00080579     0.00066667    F
<May15-2019> <23:34:37>  Iteration 23
<May15-2019> <23:34:44>  current energy                              -13.95721221 Hartree
<May15-2019> <23:34:44>  energy change                      -0.00000051     0.00001000    T
<May15-2019> <23:34:44>  constrained gradient max            0.00029031     0.00100000    T
<May15-2019> <23:34:44>  constrained gradient rms            0.00008468     0.00066667    T
<May15-2019> <23:34:44>  gradient max                        0.00029033
<May15-2019> <23:34:44>  gradient rms                        0.00008468
<May15-2019> <23:34:44>  cart. step max                      0.00443471     0.00100000    F
<May15-2019> <23:34:44>  cart. step rms                      0.00177320     0.00066667    F
<May15-2019> <23:34:45>  Iteration 24
<May15-2019> <23:34:52>  current energy                              -13.95721317 Hartree
<May15-2019> <23:34:53>  energy change                      -0.00000097     0.00001000    T
<May15-2019> <23:34:53>  constrained gradient max            0.00034705     0.00100000    T
<May15-2019> <23:34:53>  constrained gradient rms            0.00011164     0.00066667    T
<May15-2019> <23:34:53>  gradient max                        0.00034697
<May15-2019> <23:34:53>  gradient rms                        0.00011164
<May15-2019> <23:34:53>  cart. step max                      0.00580567     0.00100000    F
<May15-2019> <23:34:53>  cart. step rms                      0.00219670     0.00066667    F
<May15-2019> <23:34:53>  Iteration 25
<May15-2019> <23:35:00>  current energy                              -13.95721330 Hartree
<May15-2019> <23:35:00>  energy change                      -0.00000013     0.00001000    T
<May15-2019> <23:35:00>  constrained gradient max            0.00170030     0.00100000    F
<May15-2019> <23:35:00>  constrained gradient rms            0.00047689     0.00066667    T
<May15-2019> <23:35:00>  gradient max                        0.00170011
<May15-2019> <23:35:00>  gradient rms                        0.00047689
<May15-2019> <23:35:00>  cart. step max                      0.00336800     0.00100000    F
<May15-2019> <23:35:01>  cart. step rms                      0.00136158     0.00066667    F
<May15-2019> <23:35:01>  Iteration 26
<May15-2019> <23:35:08>  current energy                              -13.95721335 Hartree
<May15-2019> <23:35:08>  energy change                      -0.00000005     0.00001000    T
<May15-2019> <23:35:08>  constrained gradient max            0.00214672     0.00100000    F
<May15-2019> <23:35:08>  constrained gradient rms            0.00059947     0.00066667    T
<May15-2019> <23:35:08>  gradient max                        0.00214682
<May15-2019> <23:35:08>  gradient rms                        0.00059947
<May15-2019> <23:35:08>  cart. step max                      0.00496242     0.00100000    F
<May15-2019> <23:35:08>  cart. step rms                      0.00197651     0.00066667    F
<May15-2019> <23:35:08>  Iteration 27
<May15-2019> <23:35:14>  current energy                              -13.95721225 Hartree
<May15-2019> <23:35:14>  energy change                       0.00000110     0.00001000    T
<May15-2019> <23:35:14>  constrained gradient max            0.00313490     0.00100000    F
<May15-2019> <23:35:14>  constrained gradient rms            0.00086158     0.00066667    F
<May15-2019> <23:35:14>  gradient max                        0.00313477
<May15-2019> <23:35:14>  gradient rms                        0.00086158
<May15-2019> <23:35:14>  cart. step max                      0.00099955     0.00100000    T
<May15-2019> <23:35:14>  cart. step rms                      0.00025393     0.00066667    T
<May15-2019> <23:35:14>  Iteration 28
<May15-2019> <23:35:22>  current energy                              -13.95721530 Hartree
<May15-2019> <23:35:22>  energy change                      -0.00000304     0.00001000    T
<May15-2019> <23:35:22>  constrained gradient max            0.00148591     0.00100000    F
<May15-2019> <23:35:22>  constrained gradient rms            0.00046486     0.00066667    T
<May15-2019> <23:35:22>  gradient max                        0.00148572
<May15-2019> <23:35:22>  gradient rms                        0.00046486
<May15-2019> <23:35:22>  cart. step max                      0.00208685     0.00100000    F
<May15-2019> <23:35:22>  cart. step rms                      0.00077797     0.00066667    F
<May15-2019> <23:35:22>  Iteration 29
<May15-2019> <23:35:27>  current energy                              -13.95721785 Hartree
<May15-2019> <23:35:27>  energy change                      -0.00000256     0.00001000    T
<May15-2019> <23:35:27>  constrained gradient max            0.00097649     0.00100000    T
<May15-2019> <23:35:27>  constrained gradient rms            0.00032842     0.00066667    T
<May15-2019> <23:35:27>  gradient max                        0.00097589
<May15-2019> <23:35:27>  gradient rms                        0.00032842
<May15-2019> <23:35:27>  cart. step max                      0.00375252     0.00100000    F
<May15-2019> <23:35:27>  cart. step rms                      0.00142828     0.00066667    F
<May15-2019> <23:35:27>  Iteration 30
<May15-2019> <23:35:35>  current energy                              -13.95722047 Hartree
<May15-2019> <23:35:36>  energy change                      -0.00000262     0.00001000    T
<May15-2019> <23:35:36>  constrained gradient max            0.00163922     0.00100000    F
<May15-2019> <23:35:36>  constrained gradient rms            0.00044832     0.00066667    T
<May15-2019> <23:35:36>  gradient max                        0.00163955
<May15-2019> <23:35:36>  gradient rms                        0.00044832
<May15-2019> <23:35:36>  cart. step max                      0.00366303     0.00100000    F
<May15-2019> <23:35:36>  cart. step rms                      0.00151636     0.00066667    F
<May15-2019> <23:35:36>  Iteration 31
<May15-2019> <23:35:42>  current energy                              -13.95722184 Hartree
<May15-2019> <23:35:42>  energy change                      -0.00000137     0.00001000    T
<May15-2019> <23:35:42>  constrained gradient max            0.00204233     0.00100000    F
<May15-2019> <23:35:42>  constrained gradient rms            0.00054005     0.00066667    T
<May15-2019> <23:35:42>  gradient max                        0.00204265
<May15-2019> <23:35:42>  gradient rms                        0.00054005
<May15-2019> <23:35:42>  cart. step max                      0.00370104     0.00100000    F
<May15-2019> <23:35:42>  cart. step rms                      0.00151953     0.00066667    F
<May15-2019> <23:35:42>  Iteration 32
<May15-2019> <23:35:47>  current energy                              -13.95722306 Hartree
<May15-2019> <23:35:47>  energy change                      -0.00000121     0.00001000    T
<May15-2019> <23:35:47>  constrained gradient max            0.00239118     0.00100000    F
<May15-2019> <23:35:47>  constrained gradient rms            0.00062403     0.00066667    T
<May15-2019> <23:35:47>  gradient max                        0.00239152
<May15-2019> <23:35:47>  gradient rms                        0.00062403
<May15-2019> <23:35:47>  cart. step max                      0.00376173     0.00100000    F
<May15-2019> <23:35:47>  cart. step rms                      0.00153346     0.00066667    F
<May15-2019> <23:35:47>  Iteration 33
<May15-2019> <23:35:53>  current energy                              -13.95722434 Hartree
<May15-2019> <23:35:54>  energy change                      -0.00000129     0.00001000    T
<May15-2019> <23:35:54>  constrained gradient max            0.00254708     0.00100000    F
<May15-2019> <23:35:54>  constrained gradient rms            0.00066313     0.00066667    T
<May15-2019> <23:35:54>  gradient max                        0.00254739
<May15-2019> <23:35:54>  gradient rms                        0.00066313
<May15-2019> <23:35:54>  cart. step max                      0.00376929     0.00100000    F
<May15-2019> <23:35:54>  cart. step rms                      0.00153723     0.00066667    F
<May15-2019> <23:35:54>  Iteration 34
<May15-2019> <23:35:57>  current energy                              -13.95722566 Hartree
<May15-2019> <23:35:58>  energy change                      -0.00000131     0.00001000    T
<May15-2019> <23:35:58>  constrained gradient max            0.00264228     0.00100000    F
<May15-2019> <23:35:58>  constrained gradient rms            0.00068769     0.00066667    F
<May15-2019> <23:35:58>  gradient max                        0.00264205
<May15-2019> <23:35:58>  gradient rms                        0.00068769
<May15-2019> <23:35:58>  cart. step max                      0.00379631     0.00100000    F
<May15-2019> <23:35:58>  cart. step rms                      0.00153483     0.00066667    F
<May15-2019> <23:35:58>  Iteration 35
<May15-2019> <23:36:03>  current energy                              -13.95722691 Hartree
<May15-2019> <23:36:03>  energy change                      -0.00000125     0.00001000    T
<May15-2019> <23:36:03>  constrained gradient max            0.00273024     0.00100000    F
<May15-2019> <23:36:03>  constrained gradient rms            0.00071095     0.00066667    F
<May15-2019> <23:36:03>  gradient max                        0.00273001
<May15-2019> <23:36:03>  gradient rms                        0.00071095
<May15-2019> <23:36:03>  cart. step max                      0.00380057     0.00100000    F
<May15-2019> <23:36:03>  cart. step rms                      0.00154290     0.00066667    F
<May15-2019> <23:36:03>  Iteration 36
<May15-2019> <23:36:09>  current energy                              -13.95722827 Hartree
<May15-2019> <23:36:10>  energy change                      -0.00000136     0.00001000    T
<May15-2019> <23:36:10>  constrained gradient max            0.00273562     0.00100000    F
<May15-2019> <23:36:10>  constrained gradient rms            0.00071353     0.00066667    F
<May15-2019> <23:36:10>  gradient max                        0.00273540
<May15-2019> <23:36:10>  gradient rms                        0.00071353
<May15-2019> <23:36:10>  cart. step max                      0.00386108     0.00100000    F
<May15-2019> <23:36:10>  cart. step rms                      0.00154371     0.00066667    F
<May15-2019> <23:36:10>  Iteration 37
<May15-2019> <23:36:17>  current energy                              -13.95722982 Hartree
<May15-2019> <23:36:17>  energy change                      -0.00000155     0.00001000    T
<May15-2019> <23:36:17>  constrained gradient max            0.00262850     0.00100000    F
<May15-2019> <23:36:18>  constrained gradient rms            0.00068712     0.00066667    F
<May15-2019> <23:36:18>  gradient max                        0.00262828
<May15-2019> <23:36:18>  gradient rms                        0.00068712
<May15-2019> <23:36:18>  cart. step max                      0.00401868     0.00100000    F
<May15-2019> <23:36:18>  cart. step rms                      0.00155055     0.00066667    F
<May15-2019> <23:36:18>  Iteration 38
<May15-2019> <23:36:25>  current energy                              -13.95723186 Hartree
<May15-2019> <23:36:25>  energy change                      -0.00000204     0.00001000    T
<May15-2019> <23:36:25>  constrained gradient max            0.00223331     0.00100000    F
<May15-2019> <23:36:25>  constrained gradient rms            0.00058699     0.00066667    T
<May15-2019> <23:36:25>  gradient max                        0.00223361
<May15-2019> <23:36:25>  gradient rms                        0.00058699
<May15-2019> <23:36:25>  cart. step max                      0.00433464     0.00100000    F
<May15-2019> <23:36:25>  cart. step rms                      0.00160458     0.00066667    F
<May15-2019> <23:36:26>  Iteration 39
<May15-2019> <23:36:31>  current energy                              -13.95723422 Hartree
<May15-2019> <23:36:31>  energy change                      -0.00000236     0.00001000    T
<May15-2019> <23:36:31>  constrained gradient max            0.00137849     0.00100000    F
<May15-2019> <23:36:31>  constrained gradient rms            0.00037617     0.00066667    T
<May15-2019> <23:36:31>  gradient max                        0.00137881
<May15-2019> <23:36:31>  gradient rms                        0.00037617
<May15-2019> <23:36:31>  cart. step max                      0.00830738     0.00100000    F
<May15-2019> <23:36:31>  cart. step rms                      0.00318998     0.00066667    F
<May15-2019> <23:36:31>  Iteration 40
<May15-2019> <23:36:42>  current energy                              -13.95723550 Hartree
<May15-2019> <23:36:42>  energy change                      -0.00000129     0.00001000    T
<May15-2019> <23:36:42>  constrained gradient max            0.00217692     0.00100000    F
<May15-2019> <23:36:42>  constrained gradient rms            0.00059248     0.00066667    T
<May15-2019> <23:36:42>  gradient max                        0.00217718
<May15-2019> <23:36:42>  gradient rms                        0.00059248
<May15-2019> <23:36:42>  cart. step max                      0.00793508     0.00100000    F
<May15-2019> <23:36:42>  cart. step rms                      0.00317866     0.00066667    F
<May15-2019> <23:36:42>  Iteration 41
<May15-2019> <23:36:48>  current energy                              -13.95723691 Hartree
<May15-2019> <23:36:48>  energy change                      -0.00000141     0.00001000    T
<May15-2019> <23:36:48>  constrained gradient max            0.00254139     0.00100000    F
<May15-2019> <23:36:48>  constrained gradient rms            0.00069299     0.00066667    F
<May15-2019> <23:36:48>  gradient max                        0.00254147
<May15-2019> <23:36:48>  gradient rms                        0.00069299
<May15-2019> <23:36:48>  cart. step max                      0.00802393     0.00100000    F
<May15-2019> <23:36:48>  cart. step rms                      0.00319165     0.00066667    F
<May15-2019> <23:36:48>  Iteration 42
<May15-2019> <23:36:52>  current energy                              -13.95723864 Hartree
<May15-2019> <23:36:52>  energy change                      -0.00000173     0.00001000    T
<May15-2019> <23:36:52>  constrained gradient max            0.00256440     0.00100000    F
<May15-2019> <23:36:52>  constrained gradient rms            0.00070709     0.00066667    F
<May15-2019> <23:36:52>  gradient max                        0.00256455
<May15-2019> <23:36:53>  gradient rms                        0.00070709
<May15-2019> <23:36:53>  cart. step max                      0.00801423     0.00100000    F
<May15-2019> <23:36:53>  cart. step rms                      0.00316935     0.00066667    F
<May15-2019> <23:36:53>  Iteration 43
<May15-2019> <23:36:58>  current energy                              -13.95724027 Hartree
<May15-2019> <23:36:58>  energy change                      -0.00000162     0.00001000    T
<May15-2019> <23:36:58>  constrained gradient max            0.00257329     0.00100000    F
<May15-2019> <23:36:58>  constrained gradient rms            0.00071251     0.00066667    F
<May15-2019> <23:36:58>  gradient max                        0.00257344
<May15-2019> <23:36:58>  gradient rms                        0.00071251
<May15-2019> <23:36:58>  cart. step max                      0.00811636     0.00100000    F
<May15-2019> <23:36:58>  cart. step rms                      0.00319111     0.00066667    F
<May15-2019> <23:36:58>  Iteration 44
<May15-2019> <23:37:07>  current energy                              -13.95724215 Hartree
<May15-2019> <23:37:07>  energy change                      -0.00000188     0.00001000    T
<May15-2019> <23:37:07>  constrained gradient max            0.00236963     0.00100000    F
<May15-2019> <23:37:07>  constrained gradient rms            0.00066104     0.00066667    T
<May15-2019> <23:37:07>  gradient max                        0.00236970
<May15-2019> <23:37:08>  gradient rms                        0.00066104
<May15-2019> <23:37:08>  cart. step max                      0.00826067     0.00100000    F
<May15-2019> <23:37:08>  cart. step rms                      0.00320582     0.00066667    F
<May15-2019> <23:37:08>  Iteration 45
<May15-2019> <23:37:12>  current energy                              -13.95724428 Hartree
<May15-2019> <23:37:12>  energy change                      -0.00000213     0.00001000    T
<May15-2019> <23:37:12>  constrained gradient max            0.00201359     0.00100000    F
<May15-2019> <23:37:12>  constrained gradient rms            0.00056254     0.00066667    T
<May15-2019> <23:37:12>  gradient max                        0.00201367
<May15-2019> <23:37:12>  gradient rms                        0.00056254
<May15-2019> <23:37:12>  cart. step max                      0.00828066     0.00100000    F
<May15-2019> <23:37:12>  cart. step rms                      0.00326458     0.00066667    F
<May15-2019> <23:37:12>  Iteration 46
<May15-2019> <23:37:23>  current energy                              -13.95724677 Hartree
<May15-2019> <23:37:23>  energy change                      -0.00000249     0.00001000    T
<May15-2019> <23:37:23>  constrained gradient max            0.00138045     0.00100000    F
<May15-2019> <23:37:23>  constrained gradient rms            0.00039257     0.00066667    T
<May15-2019> <23:37:23>  gradient max                        0.00138061
<May15-2019> <23:37:23>  gradient rms                        0.00039257
<May15-2019> <23:37:23>  cart. step max                      0.01632597     0.00100000    F
<May15-2019> <23:37:23>  cart. step rms                      0.00657095     0.00066667    F
<May15-2019> <23:37:23>  Iteration 47
<May15-2019> <23:37:34>  current energy                              -13.95724907 Hartree
<May15-2019> <23:37:34>  energy change                      -0.00000230     0.00001000    T
<May15-2019> <23:37:34>  constrained gradient max            0.00170572     0.00100000    F
<May15-2019> <23:37:34>  constrained gradient rms            0.00048208     0.00066667    T
<May15-2019> <23:37:34>  gradient max                        0.00170549
<May15-2019> <23:37:34>  gradient rms                        0.00048208
<May15-2019> <23:37:34>  cart. step max                      0.01751363     0.00100000    F
<May15-2019> <23:37:34>  cart. step rms                      0.00645931     0.00066667    F
<May15-2019> <23:37:34>  Iteration 48
<May15-2019> <23:37:43>  current energy                              -13.95725246 Hartree
<May15-2019> <23:37:43>  energy change                      -0.00000339     0.00001000    T
<May15-2019> <23:37:43>  constrained gradient max            0.00056952     0.00100000    T
<May15-2019> <23:37:43>  constrained gradient rms            0.00015851     0.00066667    T
<May15-2019> <23:37:43>  gradient max                        0.00056946
<May15-2019> <23:37:43>  gradient rms                        0.00015851
<May15-2019> <23:37:43>  cart. step max                      0.01488951     0.00100000    F
<May15-2019> <23:37:43>  cart. step rms                      0.00531428     0.00066667    F
<May15-2019> <23:37:43>  Iteration 49
<May15-2019> <23:37:48>  current energy                              -13.95725431 Hartree
<May15-2019> <23:37:48>  energy change                      -0.00000185     0.00001000    T
<May15-2019> <23:37:48>  constrained gradient max            0.00061050     0.00100000    T
<May15-2019> <23:37:48>  constrained gradient rms            0.00017569     0.00066667    T
<May15-2019> <23:37:48>  gradient max                        0.00061053
<May15-2019> <23:37:48>  gradient rms                        0.00017569
<May15-2019> <23:37:48>  cart. step max                      0.01337157     0.00100000    F
<May15-2019> <23:37:48>  cart. step rms                      0.00472303     0.00066667    F
<May15-2019> <23:37:48>  Iteration 50
<May15-2019> <23:37:52>  current energy                              -13.95725564 Hartree
<May15-2019> <23:37:52>  energy change                      -0.00000133     0.00001000    T
<May15-2019> <23:37:52>  constrained gradient max            0.00119454     0.00100000    F
<May15-2019> <23:37:52>  constrained gradient rms            0.00031675     0.00066667    T
<May15-2019> <23:37:52>  gradient max                        0.00119457
<May15-2019> <23:37:52>  gradient rms                        0.00031675
<May15-2019> <23:37:53>  cart. step max                      0.01271538     0.00100000    F
<May15-2019> <23:37:53>  cart. step rms                      0.00450280     0.00066667    F
<May15-2019> <23:37:53>  Iteration 51
<May15-2019> <23:37:59>  current energy                              -13.95725632 Hartree
<May15-2019> <23:37:59>  energy change                      -0.00000069     0.00001000    T
<May15-2019> <23:37:59>  constrained gradient max            0.00187399     0.00100000    F
<May15-2019> <23:37:59>  constrained gradient rms            0.00051797     0.00066667    T
<May15-2019> <23:37:59>  gradient max                        0.00187400
<May15-2019> <23:37:59>  gradient rms                        0.00051797
<May15-2019> <23:37:59>  cart. step max                      0.00842482     0.00100000    F
<May15-2019> <23:37:59>  cart. step rms                      0.00299684     0.00066667    F
<May15-2019> <23:37:59>  Iteration 52
<May15-2019> <23:38:05>  current energy                              -13.95725765 Hartree
<May15-2019> <23:38:05>  energy change                      -0.00000133     0.00001000    T
<May15-2019> <23:38:05>  constrained gradient max            0.00144979     0.00100000    F
<May15-2019> <23:38:05>  constrained gradient rms            0.00038881     0.00066667    T
<May15-2019> <23:38:05>  gradient max                        0.00144981
<May15-2019> <23:38:05>  gradient rms                        0.00038881
<May15-2019> <23:38:05>  cart. step max                      0.01694735     0.00100000    F
<May15-2019> <23:38:05>  cart. step rms                      0.00691955     0.00066667    F
<May15-2019> <23:38:05>  Iteration 53
<May15-2019> <23:38:12>  current energy                              -13.95725753 Hartree
<May15-2019> <23:38:12>  energy change                       0.00000012     0.00001000    T
<May15-2019> <23:38:12>  constrained gradient max            0.00229262     0.00100000    F
<May15-2019> <23:38:12>  constrained gradient rms            0.00076180     0.00066667    F
<May15-2019> <23:38:12>  gradient max                        0.00229263
<May15-2019> <23:38:12>  gradient rms                        0.00076180
<May15-2019> <23:38:12>  cart. step max                      0.01136402     0.00100000    F
<May15-2019> <23:38:12>  cart. step rms                      0.00396638     0.00066667    F
<May15-2019> <23:38:12>  Iteration 54
<May15-2019> <23:38:20>  current energy                              -13.95726100 Hartree
<May15-2019> <23:38:20>  energy change                      -0.00000347     0.00001000    T
<May15-2019> <23:38:20>  constrained gradient max            0.00100190     0.00100000    F
<May15-2019> <23:38:20>  constrained gradient rms            0.00037981     0.00066667    T
<May15-2019> <23:38:20>  gradient max                        0.00100193
<May15-2019> <23:38:20>  gradient rms                        0.00037981
<May15-2019> <23:38:20>  cart. step max                      0.01599492     0.00100000    F
<May15-2019> <23:38:20>  cart. step rms                      0.00620810     0.00066667    F
<May15-2019> <23:38:20>  Iteration 55
<May15-2019> <23:38:28>  current energy                              -13.95726328 Hartree
<May15-2019> <23:38:28>  energy change                      -0.00000228     0.00001000    T
<May15-2019> <23:38:28>  constrained gradient max            0.00056179     0.00100000    T
<May15-2019> <23:38:28>  constrained gradient rms            0.00019265     0.00066667    T
<May15-2019> <23:38:28>  gradient max                        0.00056181
<May15-2019> <23:38:28>  gradient rms                        0.00019265
<May15-2019> <23:38:28>  cart. step max                      0.01291198     0.00100000    F
<May15-2019> <23:38:28>  cart. step rms                      0.00498274     0.00066667    F
<May15-2019> <23:38:28>  Iteration 56
<May15-2019> <23:38:36>  current energy                              -13.95726273 Hartree
<May15-2019> <23:38:37>  energy change                       0.00000055     0.00001000    T
<May15-2019> <23:38:37>  constrained gradient max            0.00205399     0.00100000    F
<May15-2019> <23:38:37>  constrained gradient rms            0.00063349     0.00066667    T
<May15-2019> <23:38:37>  gradient max                        0.00205400
<May15-2019> <23:38:37>  gradient rms                        0.00063349
<May15-2019> <23:38:37>  cart. step max                      0.01066694     0.00100000    F
<May15-2019> <23:38:37>  cart. step rms                      0.00394144     0.00066667    F
<May15-2019> <23:38:37>  Iteration 57
<May15-2019> <23:38:47>  current energy                              -13.95726327 Hartree
<May15-2019> <23:38:47>  energy change                      -0.00000054     0.00001000    T
<May15-2019> <23:38:47>  constrained gradient max            0.00223791     0.00100000    F
<May15-2019> <23:38:47>  constrained gradient rms            0.00068499     0.00066667    F
<May15-2019> <23:38:48>  gradient max                        0.00223788
<May15-2019> <23:38:48>  gradient rms                        0.00068499
<May15-2019> <23:38:48>  cart. step max                      0.01114836     0.00100000    F
<May15-2019> <23:38:48>  cart. step rms                      0.00429746     0.00066667    F
<May15-2019> <23:38:48>  Iteration 58
<May15-2019> <23:38:57>  current energy                              -13.95726252 Hartree
<May15-2019> <23:38:57>  energy change                       0.00000075     0.00001000    T
<May15-2019> <23:38:57>  constrained gradient max            0.00286835     0.00100000    F
<May15-2019> <23:38:57>  constrained gradient rms            0.00087241     0.00066667    F
<May15-2019> <23:38:57>  gradient max                        0.00286831
<May15-2019> <23:38:57>  gradient rms                        0.00087241
<May15-2019> <23:38:57>  cart. step max                      0.00837174     0.00100000    F
<May15-2019> <23:38:57>  cart. step rms                      0.00301346     0.00066667    F
<May15-2019> <23:38:57>  Iteration 59
<May15-2019> <23:39:09>  current energy                              -13.95726503 Hartree
<May15-2019> <23:39:09>  energy change                      -0.00000251     0.00001000    T
<May15-2019> <23:39:09>  constrained gradient max            0.00207240     0.00100000    F
<May15-2019> <23:39:09>  constrained gradient rms            0.00061970     0.00066667    T
<May15-2019> <23:39:09>  gradient max                        0.00207236
<May15-2019> <23:39:09>  gradient rms                        0.00061970
<May15-2019> <23:39:09>  cart. step max                      0.01036364     0.00100000    F
<May15-2019> <23:39:09>  cart. step rms                      0.00360207     0.00066667    F
<May15-2019> <23:39:09>  Iteration 60
<May15-2019> <23:39:18>  current energy                              -13.95726627 Hartree
<May15-2019> <23:39:18>  energy change                      -0.00000124     0.00001000    T
<May15-2019> <23:39:18>  constrained gradient max            0.00179819     0.00100000    F
<May15-2019> <23:39:18>  constrained gradient rms            0.00054515     0.00066667    T
<May15-2019> <23:39:19>  gradient max                        0.00179817
<May15-2019> <23:39:19>  gradient rms                        0.00054515
<May15-2019> <23:39:19>  cart. step max                      0.00959261     0.00100000    F
<May15-2019> <23:39:19>  cart. step rms                      0.00320369     0.00066667    F
<May15-2019> <23:39:19>  Iteration 61
<May15-2019> <23:39:26>  current energy                              -13.95726750 Hartree
<May15-2019> <23:39:26>  energy change                      -0.00000123     0.00001000    T
<May15-2019> <23:39:26>  constrained gradient max            0.00130370     0.00100000    F
<May15-2019> <23:39:26>  constrained gradient rms            0.00040439     0.00066667    T
<May15-2019> <23:39:27>  gradient max                        0.00130367
<May15-2019> <23:39:27>  gradient rms                        0.00040439
<May15-2019> <23:39:27>  cart. step max                      0.00617714     0.00100000    F
<May15-2019> <23:39:27>  cart. step rms                      0.00223416     0.00066667    F
<May15-2019> <23:39:27>  Iteration 62
<May15-2019> <23:39:34>  current energy                              -13.95726801 Hartree
<May15-2019> <23:39:34>  energy change                      -0.00000051     0.00001000    T
<May15-2019> <23:39:34>  constrained gradient max            0.00122703     0.00100000    F
<May15-2019> <23:39:34>  constrained gradient rms            0.00036744     0.00066667    T
<May15-2019> <23:39:34>  gradient max                        0.00122707
<May15-2019> <23:39:34>  gradient rms                        0.00036744
<May15-2019> <23:39:34>  cart. step max                      0.00767711     0.00100000    F
<May15-2019> <23:39:34>  cart. step rms                      0.00254984     0.00066667    F
<May15-2019> <23:39:34>  Iteration 63
<May15-2019> <23:39:42>  current energy                              -13.95726909 Hartree
<May15-2019> <23:39:42>  energy change                      -0.00000108     0.00001000    T
<May15-2019> <23:39:42>  constrained gradient max            0.00044163     0.00100000    T
<May15-2019> <23:39:42>  constrained gradient rms            0.00011531     0.00066667    T
<May15-2019> <23:39:42>  gradient max                        0.00044192
<May15-2019> <23:39:42>  gradient rms                        0.00011531
<May15-2019> <23:39:43>  cart. step max                      0.00666163     0.00100000    F
<May15-2019> <23:39:43>  cart. step rms                      0.00226850     0.00066667    F
<May15-2019> <23:39:43>  Iteration 64
<May15-2019> <23:39:51>  current energy                              -13.95726954 Hartree
<May15-2019> <23:39:51>  energy change                      -0.00000045     0.00001000    T
<May15-2019> <23:39:51>  constrained gradient max            0.00045117     0.00100000    T
<May15-2019> <23:39:51>  constrained gradient rms            0.00012706     0.00066667    T
<May15-2019> <23:39:51>  gradient max                        0.00045146
<May15-2019> <23:39:51>  gradient rms                        0.00012706
<May15-2019> <23:39:51>  cart. step max                      0.01018677     0.00100000    F
<May15-2019> <23:39:51>  cart. step rms                      0.00385847     0.00066667    F
<May15-2019> <23:39:51>  Iteration 65
<May15-2019> <23:39:58>  current energy                              -13.95727019 Hartree
<May15-2019> <23:39:58>  energy change                      -0.00000066     0.00001000    T
<May15-2019> <23:39:58>  constrained gradient max            0.00130657     0.00100000    F
<May15-2019> <23:39:58>  constrained gradient rms            0.00043383     0.00066667    T
<May15-2019> <23:39:58>  gradient max                        0.00130699
<May15-2019> <23:39:58>  gradient rms                        0.00043383
<May15-2019> <23:39:58>  cart. step max                      0.00904596     0.00100000    F
<May15-2019> <23:39:58>  cart. step rms                      0.00317823     0.00066667    F
<May15-2019> <23:39:58>  Iteration 66
<May15-2019> <23:40:04>  current energy                              -13.95727115 Hartree
<May15-2019> <23:40:04>  energy change                      -0.00000095     0.00001000    T
<May15-2019> <23:40:04>  constrained gradient max            0.00121166     0.00100000    F
<May15-2019> <23:40:04>  constrained gradient rms            0.00039573     0.00066667    T
<May15-2019> <23:40:04>  gradient max                        0.00121202
<May15-2019> <23:40:04>  gradient rms                        0.00039573
<May15-2019> <23:40:04>  cart. step max                      0.01199808     0.00100000    F
<May15-2019> <23:40:04>  cart. step rms                      0.00440058     0.00066667    F
<May15-2019> <23:40:05>  Iteration 67
<May15-2019> <23:40:11>  current energy                              -13.95727226 Hartree
<May15-2019> <23:40:11>  energy change                      -0.00000111     0.00001000    T
<May15-2019> <23:40:11>  constrained gradient max            0.00149554     0.00100000    F
<May15-2019> <23:40:11>  constrained gradient rms            0.00047539     0.00066667    T
<May15-2019> <23:40:11>  gradient max                        0.00149542
<May15-2019> <23:40:11>  gradient rms                        0.00047539
<May15-2019> <23:40:11>  cart. step max                      0.01356185     0.00100000    F
<May15-2019> <23:40:11>  cart. step rms                      0.00513821     0.00066667    F
<May15-2019> <23:40:11>  Iteration 68
<May15-2019> <23:40:18>  current energy                              -13.95727080 Hartree
<May15-2019> <23:40:18>  energy change                       0.00000146     0.00001000    T
<May15-2019> <23:40:18>  constrained gradient max            0.00284134     0.00100000    F
<May15-2019> <23:40:18>  constrained gradient rms            0.00089348     0.00066667    F
<May15-2019> <23:40:18>  gradient max                        0.00284105
<May15-2019> <23:40:18>  gradient rms                        0.00089348
<May15-2019> <23:40:18>  cart. step max                      0.00103606     0.00100000    F
<May15-2019> <23:40:18>  cart. step rms                      0.00035788     0.00066667    T
<May15-2019> <23:40:18>  Iteration 69
<May15-2019> <23:40:26>  current energy                              -13.95727465 Hartree
<May15-2019> <23:40:26>  energy change                      -0.00000385     0.00001000    T
<May15-2019> <23:40:26>  constrained gradient max            0.00086164     0.00100000    T
<May15-2019> <23:40:26>  constrained gradient rms            0.00032955     0.00066667    T
<May15-2019> <23:40:26>  gradient max                        0.00086157
<May15-2019> <23:40:26>  gradient rms                        0.00032955
<May15-2019> <23:40:26>  cart. step max                      0.00354107     0.00100000    F
<May15-2019> <23:40:27>  cart. step rms                      0.00127821     0.00066667    F
<May15-2019> <23:40:27>  Iteration 70
<May15-2019> <23:40:37>  current energy                              -13.95727614 Hartree
<May15-2019> <23:40:37>  energy change                      -0.00000149     0.00001000    T
<May15-2019> <23:40:37>  constrained gradient max            0.00038881     0.00100000    T
<May15-2019> <23:40:37>  constrained gradient rms            0.00013846     0.00066667    T
<May15-2019> <23:40:37>  gradient max                        0.00038873
<May15-2019> <23:40:37>  gradient rms                        0.00013846
<May15-2019> <23:40:37>  cart. step max                      0.00578668     0.00100000    F
<May15-2019> <23:40:37>  cart. step rms                      0.00216761     0.00066667    F
<May15-2019> <23:40:37>  Iteration 71
<May15-2019> <23:40:44>  current energy                              -13.95727779 Hartree
<May15-2019> <23:40:44>  energy change                      -0.00000164     0.00001000    T
<May15-2019> <23:40:44>  constrained gradient max            0.00017488     0.00100000    T
<May15-2019> <23:40:44>  constrained gradient rms            0.00005555     0.00066667    T
<May15-2019> <23:40:44>  gradient max                        0.00017496
<May15-2019> <23:40:44>  gradient rms                        0.00005555
<May15-2019> <23:40:44>  cart. step max                      0.01135971     0.00100000    F
<May15-2019> <23:40:44>  cart. step rms                      0.00436524     0.00066667    F
<May15-2019> <23:40:44>  Iteration 72
<May15-2019> <23:40:53>  current energy                              -13.95728000 Hartree
<May15-2019> <23:40:53>  energy change                      -0.00000222     0.00001000    T
<May15-2019> <23:40:53>  constrained gradient max            0.00068228     0.00100000    T
<May15-2019> <23:40:53>  constrained gradient rms            0.00020455     0.00066667    T
<May15-2019> <23:40:53>  gradient max                        0.00068228
<May15-2019> <23:40:53>  gradient rms                        0.00020455
<May15-2019> <23:40:54>  cart. step max                      0.02021598     0.00100000    F
<May15-2019> <23:40:54>  cart. step rms                      0.00747403     0.00066667    F
<May15-2019> <23:40:54>  Iteration 73
<May15-2019> <23:41:02>  current energy                              -13.95728254 Hartree
<May15-2019> <23:41:02>  energy change                      -0.00000254     0.00001000    T
<May15-2019> <23:41:03>  constrained gradient max            0.00127113     0.00100000    F
<May15-2019> <23:41:03>  constrained gradient rms            0.00039385     0.00066667    T
<May15-2019> <23:41:03>  gradient max                        0.00127083
<May15-2019> <23:41:03>  gradient rms                        0.00039385
<May15-2019> <23:41:03>  cart. step max                      0.01497646     0.00100000    F
<May15-2019> <23:41:03>  cart. step rms                      0.00595357     0.00066667    F
<May15-2019> <23:41:03>  Iteration 74
<May15-2019> <23:41:05>  current energy                              -13.95728401 Hartree
<May15-2019> <23:41:05>  energy change                      -0.00000147     0.00001000    T
<May15-2019> <23:41:05>  constrained gradient max            0.00148700     0.00100000    F
<May15-2019> <23:41:05>  constrained gradient rms            0.00045342     0.00066667    T
<May15-2019> <23:41:05>  gradient max                        0.00148661
<May15-2019> <23:41:05>  gradient rms                        0.00045342
<May15-2019> <23:41:05>  cart. step max                      0.01156332     0.00100000    F
<May15-2019> <23:41:05>  cart. step rms                      0.00424811     0.00066667    F
<May15-2019> <23:41:05>  Iteration 75
<May15-2019> <23:41:12>  current energy                              -13.95728584 Hartree
<May15-2019> <23:41:12>  energy change                      -0.00000183     0.00001000    T
<May15-2019> <23:41:12>  constrained gradient max            0.00101237     0.00100000    F
<May15-2019> <23:41:12>  constrained gradient rms            0.00032244     0.00066667    T
<May15-2019> <23:41:13>  gradient max                        0.00101200
<May15-2019> <23:41:13>  gradient rms                        0.00032244
<May15-2019> <23:41:13>  cart. step max                      0.01027993     0.00100000    F
<May15-2019> <23:41:13>  cart. step rms                      0.00416805     0.00066667    F
<May15-2019> <23:41:13>  Iteration 76
<May15-2019> <23:41:20>  current energy                              -13.95728756 Hartree
<May15-2019> <23:41:20>  energy change                      -0.00000172     0.00001000    T
<May15-2019> <23:41:20>  constrained gradient max            0.00144046     0.00100000    F
<May15-2019> <23:41:21>  constrained gradient rms            0.00041850     0.00066667    T
<May15-2019> <23:41:21>  gradient max                        0.00143998
<May15-2019> <23:41:21>  gradient rms                        0.00041850
<May15-2019> <23:41:21>  cart. step max                      0.01190307     0.00100000    F
<May15-2019> <23:41:21>  cart. step rms                      0.00456234     0.00066667    F
<May15-2019> <23:41:21>  Iteration 77
<May15-2019> <23:41:30>  current energy                              -13.95729078 Hartree
<May15-2019> <23:41:30>  energy change                      -0.00000322     0.00001000    T
<May15-2019> <23:41:30>  constrained gradient max            0.00104052     0.00100000    F
<May15-2019> <23:41:30>  constrained gradient rms            0.00032516     0.00066667    T
<May15-2019> <23:41:30>  gradient max                        0.00104095
<May15-2019> <23:41:30>  gradient rms                        0.00032516
<May15-2019> <23:41:30>  cart. step max                      0.01574126     0.00100000    F
<May15-2019> <23:41:30>  cart. step rms                      0.00609266     0.00066667    F
<May15-2019> <23:41:30>  Iteration 78
<May15-2019> <23:41:36>  current energy                              -13.95729181 Hartree
<May15-2019> <23:41:36>  energy change                      -0.00000103     0.00001000    T
<May15-2019> <23:41:36>  constrained gradient max            0.00097352     0.00100000    T
<May15-2019> <23:41:37>  constrained gradient rms            0.00035732     0.00066667    T
<May15-2019> <23:41:37>  gradient max                        0.00097340
<May15-2019> <23:41:37>  gradient rms                        0.00035732
<May15-2019> <23:41:37>  cart. step max                      0.01501069     0.00100000    F
<May15-2019> <23:41:37>  cart. step rms                      0.00491621     0.00066667    F
<May15-2019> <23:41:37>  Iteration 79
<May15-2019> <23:41:43>  current energy                              -13.95729370 Hartree
<May15-2019> <23:41:43>  energy change                      -0.00000189     0.00001000    T
<May15-2019> <23:41:44>  constrained gradient max            0.00044776     0.00100000    T
<May15-2019> <23:41:44>  constrained gradient rms            0.00015105     0.00066667    T
<May15-2019> <23:41:44>  gradient max                        0.00044774
<May15-2019> <23:41:44>  gradient rms                        0.00015105
<May15-2019> <23:41:44>  cart. step max                      0.01024261     0.00100000    F
<May15-2019> <23:41:44>  cart. step rms                      0.00348848     0.00066667    F
<May15-2019> <23:41:44>  Iteration 80
<May15-2019> <23:41:51>  current energy                              -13.95729420 Hartree
<May15-2019> <23:41:51>  energy change                      -0.00000050     0.00001000    T
<May15-2019> <23:41:52>  constrained gradient max            0.00038593     0.00100000    T
<May15-2019> <23:41:52>  constrained gradient rms            0.00012242     0.00066667    T
<May15-2019> <23:41:52>  gradient max                        0.00038594
<May15-2019> <23:41:52>  gradient rms                        0.00012242
<May15-2019> <23:41:52>  cart. step max                      0.00608779     0.00100000    F
<May15-2019> <23:41:52>  cart. step rms                      0.00244505     0.00066667    F
<May15-2019> <23:41:52>  Iteration 81
<May15-2019> <23:41:58>  current energy                              -13.95729450 Hartree
<May15-2019> <23:41:58>  energy change                      -0.00000031     0.00001000    T
<May15-2019> <23:41:58>  constrained gradient max            0.00060150     0.00100000    T
<May15-2019> <23:41:58>  constrained gradient rms            0.00019041     0.00066667    T
<May15-2019> <23:41:58>  gradient max                        0.00060127
<May15-2019> <23:41:58>  gradient rms                        0.00019041
<May15-2019> <23:41:58>  cart. step max                      0.00577950     0.00100000    F
<May15-2019> <23:41:58>  cart. step rms                      0.00197514     0.00066667    F
<May15-2019> <23:41:58>  Iteration 82
<May15-2019> <23:42:09>  current energy                              -13.95729491 Hartree
<May15-2019> <23:42:09>  energy change                      -0.00000040     0.00001000    T
<May15-2019> <23:42:10>  constrained gradient max            0.00034811     0.00100000    T
<May15-2019> <23:42:10>  constrained gradient rms            0.00012227     0.00066667    T
<May15-2019> <23:42:10>  gradient max                        0.00034808
<May15-2019> <23:42:10>  gradient rms                        0.00012227
<May15-2019> <23:42:10>  cart. step max                      0.00475826     0.00100000    F
<May15-2019> <23:42:10>  cart. step rms                      0.00183199     0.00066667    F
<May15-2019> <23:42:10>  Iteration 83
<May15-2019> <23:42:19>  current energy                              -13.95729492 Hartree
<May15-2019> <23:42:19>  energy change                      -0.00000001     0.00001000    T
<May15-2019> <23:42:19>  constrained gradient max            0.00084377     0.00100000    T
<May15-2019> <23:42:19>  constrained gradient rms            0.00024913     0.00066667    T
<May15-2019> <23:42:19>  gradient max                        0.00084354
<May15-2019> <23:42:20>  gradient rms                        0.00024913
<May15-2019> <23:42:20>  cart. step max                      0.00411459     0.00100000    F
<May15-2019> <23:42:20>  cart. step rms                      0.00147027     0.00066667    F
<May15-2019> <23:42:20>  Iteration 84
<May15-2019> <23:42:26>  current energy                              -13.95729519 Hartree
<May15-2019> <23:42:26>  energy change                      -0.00000027     0.00001000    T
<May15-2019> <23:42:26>  constrained gradient max            0.00066281     0.00100000    T
<May15-2019> <23:42:26>  constrained gradient rms            0.00019643     0.00066667    T
<May15-2019> <23:42:26>  gradient max                        0.00066258
<May15-2019> <23:42:26>  gradient rms                        0.00019643
<May15-2019> <23:42:26>  cart. step max                      0.00358875     0.00100000    F
<May15-2019> <23:42:26>  cart. step rms                      0.00135117     0.00066667    F
<May15-2019> <23:42:26>  Iteration 85
<May15-2019> <23:42:36>  current energy                              -13.95729546 Hartree
<May15-2019> <23:42:36>  energy change                      -0.00000027     0.00001000    T
<May15-2019> <23:42:36>  constrained gradient max            0.00048016     0.00100000    T
<May15-2019> <23:42:36>  constrained gradient rms            0.00014324     0.00066667    T
<May15-2019> <23:42:36>  gradient max                        0.00048049
<May15-2019> <23:42:36>  gradient rms                        0.00014324
<May15-2019> <23:42:36>  cart. step max                      0.00249866     0.00100000    F
<May15-2019> <23:42:36>  cart. step rms                      0.00092214     0.00066667    F
<May15-2019> <23:42:36>  Iteration 86
<May15-2019> <23:42:40>  current energy                              -13.95729569 Hartree
<May15-2019> <23:42:40>  energy change                      -0.00000023     0.00001000    T
<May15-2019> <23:42:40>  constrained gradient max            0.00023107     0.00100000    T
<May15-2019> <23:42:40>  constrained gradient rms            0.00007669     0.00066667    T
<May15-2019> <23:42:40>  gradient max                        0.00023140
<May15-2019> <23:42:40>  gradient rms                        0.00007669
<May15-2019> <23:42:40>  cart. step max                      0.00361767     0.00100000    F
<May15-2019> <23:42:40>  cart. step rms                      0.00153631     0.00066667    F
<May15-2019> <23:42:40>  Iteration 87
<May15-2019> <23:42:47>  current energy                              -13.95729599 Hartree
<May15-2019> <23:42:47>  energy change                      -0.00000029     0.00001000    T
<May15-2019> <23:42:47>  constrained gradient max            0.00026147     0.00100000    T
<May15-2019> <23:42:47>  constrained gradient rms            0.00008883     0.00066667    T
<May15-2019> <23:42:48>  gradient max                        0.00026141
<May15-2019> <23:42:48>  gradient rms                        0.00008883
<May15-2019> <23:42:48>  cart. step max                      0.00620155     0.00100000    F
<May15-2019> <23:42:48>  cart. step rms                      0.00296239     0.00066667    F
<May15-2019> <23:42:48>  Iteration 88
<May15-2019> <23:42:55>  current energy                              -13.95729652 Hartree
<May15-2019> <23:42:55>  energy change                      -0.00000053     0.00001000    T
<May15-2019> <23:42:55>  constrained gradient max            0.00074629     0.00100000    T
<May15-2019> <23:42:55>  constrained gradient rms            0.00022864     0.00066667    T
<May15-2019> <23:42:55>  gradient max                        0.00074623
<May15-2019> <23:42:55>  gradient rms                        0.00022864
<May15-2019> <23:42:55>  cart. step max                      0.00550709     0.00100000    F
<May15-2019> <23:42:56>  cart. step rms                      0.00270771     0.00066667    F
<May15-2019> <23:42:56>  Iteration 89
<May15-2019> <23:43:03>  current energy                              -13.95729705 Hartree
<May15-2019> <23:43:03>  energy change                      -0.00000054     0.00001000    T
<May15-2019> <23:43:03>  constrained gradient max            0.00093519     0.00100000    T
<May15-2019> <23:43:03>  constrained gradient rms            0.00028599     0.00066667    T
<May15-2019> <23:43:03>  gradient max                        0.00093513
<May15-2019> <23:43:03>  gradient rms                        0.00028599
<May15-2019> <23:43:03>  cart. step max                      0.01153132     0.00100000    F
<May15-2019> <23:43:03>  cart. step rms                      0.00503556     0.00066667    F
<May15-2019> <23:43:04>  Iteration 90
<May15-2019> <23:43:04>  current energy                              -13.95729850 Hartree
<May15-2019> <23:43:04>  energy change                      -0.00000144     0.00001000    T
<May15-2019> <23:43:04>  constrained gradient max            0.00111633     0.00100000    F
<May15-2019> <23:43:04>  constrained gradient rms            0.00033219     0.00066667    T
<May15-2019> <23:43:04>  gradient max                        0.00111627
<May15-2019> <23:43:04>  gradient rms                        0.00033219
<May15-2019> <23:43:04>  cart. step max                      0.01527956     0.00100000    F
<May15-2019> <23:43:04>  cart. step rms                      0.00617989     0.00066667    F
<May15-2019> <23:43:04>  Iteration 91
<May15-2019> <23:43:13>  current energy                              -13.95730010 Hartree
<May15-2019> <23:43:13>  energy change                      -0.00000160     0.00001000    T
<May15-2019> <23:43:13>  constrained gradient max            0.00129498     0.00100000    F
<May15-2019> <23:43:13>  constrained gradient rms            0.00044764     0.00066667    T
<May15-2019> <23:43:13>  gradient max                        0.00129506
<May15-2019> <23:43:13>  gradient rms                        0.00044764
<May15-2019> <23:43:13>  cart. step max                      0.01678608     0.00100000    F
<May15-2019> <23:43:13>  cart. step rms                      0.00652629     0.00066667    F
<May15-2019> <23:43:14>  Iteration 92
<May15-2019> <23:43:21>  current energy                              -13.95730160 Hartree
<May15-2019> <23:43:21>  energy change                      -0.00000150     0.00001000    T
<May15-2019> <23:43:21>  constrained gradient max            0.00159610     0.00100000    F
<May15-2019> <23:43:21>  constrained gradient rms            0.00052228     0.00066667    T
<May15-2019> <23:43:21>  gradient max                        0.00159591
<May15-2019> <23:43:21>  gradient rms                        0.00052228
<May15-2019> <23:43:21>  cart. step max                      0.01640981     0.00100000    F
<May15-2019> <23:43:21>  cart. step rms                      0.00622207     0.00066667    F
<May15-2019> <23:43:21>  Iteration 93
<May15-2019> <23:43:30>  current energy                              -13.95730331 Hartree
<May15-2019> <23:43:30>  energy change                      -0.00000171     0.00001000    T
<May15-2019> <23:43:30>  constrained gradient max            0.00160633     0.00100000    F
<May15-2019> <23:43:30>  constrained gradient rms            0.00051513     0.00066667    T
<May15-2019> <23:43:30>  gradient max                        0.00160614
<May15-2019> <23:43:30>  gradient rms                        0.00051513
<May15-2019> <23:43:30>  cart. step max                      0.01719629     0.00100000    F
<May15-2019> <23:43:30>  cart. step rms                      0.00663422     0.00066667    F
<May15-2019> <23:43:30>  Iteration 94
<May15-2019> <23:43:42>  current energy                              -13.95730507 Hartree
<May15-2019> <23:43:42>  energy change                      -0.00000176     0.00001000    T
<May15-2019> <23:43:42>  constrained gradient max            0.00176208     0.00100000    F
<May15-2019> <23:43:42>  constrained gradient rms            0.00054384     0.00066667    T
<May15-2019> <23:43:42>  gradient max                        0.00176230
<May15-2019> <23:43:42>  gradient rms                        0.00054384
<May15-2019> <23:43:42>  cart. step max                      0.01597446     0.00100000    F
<May15-2019> <23:43:42>  cart. step rms                      0.00617512     0.00066667    F
<May15-2019> <23:43:42>  Iteration 95
<May15-2019> <23:43:49>  current energy                              -13.95730696 Hartree
<May15-2019> <23:43:49>  energy change                      -0.00000189     0.00001000    T
<May15-2019> <23:43:49>  constrained gradient max            0.00164640     0.00100000    F
<May15-2019> <23:43:49>  constrained gradient rms            0.00052605     0.00066667    T
<May15-2019> <23:43:49>  gradient max                        0.00164662
<May15-2019> <23:43:49>  gradient rms                        0.00052605
<May15-2019> <23:43:49>  cart. step max                      0.01612289     0.00100000    F
<May15-2019> <23:43:49>  cart. step rms                      0.00629963     0.00066667    F
<May15-2019> <23:43:49>  Iteration 96
<May15-2019> <23:43:55>  current energy                              -13.95730872 Hartree
<May15-2019> <23:43:55>  energy change                      -0.00000176     0.00001000    T
<May15-2019> <23:43:56>  constrained gradient max            0.00166449     0.00100000    F
<May15-2019> <23:43:56>  constrained gradient rms            0.00056404     0.00066667    T
<May15-2019> <23:43:56>  gradient max                        0.00166471
<May15-2019> <23:43:56>  gradient rms                        0.00056404
<May15-2019> <23:43:56>  cart. step max                      0.01591227     0.00100000    F
<May15-2019> <23:43:56>  cart. step rms                      0.00613965     0.00066667    F
<May15-2019> <23:43:56>  WARNING: Geometry optimization did NOT converge
<May15-2019> <23:43:56>  SCC cycle:
<May15-2019> <23:43:56>      Cycle:   1, MaxQDiff:   0.000000003419, Energy:     -13.9821548804
<May15-2019> <23:43:56>  SCC Converged.
<May15-2019> <23:43:56>  NORMAL TERMINATION
